  Error.cpp
  FST.cpp
  GRB.cpp
  Generation.cpp
  IT.cpp
  In.cpp
  LT.cpp
C:\Users\HP\source\repos\MTD2020\MTD2020\LT.cpp(76,21): warning C4018: <: несоответствие типов со знаком и без знака
  LexicalAnalizator.cpp
C:\Users\HP\source\repos\MTD2020\MTD2020\LexicalAnalizator.cpp(24,21): warning C4018: <: несоответствие типов со знаком и без знака
C:\Users\HP\source\repos\MTD2020\MTD2020\LexicalAnalizator.cpp(253,20): warning C4244: =: преобразование "long double" в "int", возможна потеря данных
  Log.cpp
  MFST.cpp
C:\Users\HP\source\repos\MTD2020\MTD2020\MFST.cpp(102,7): warning C4002: слишком много аргументов для вызова макроса, подобного функции, "MFST_TRACE4"
C:\Users\HP\source\repos\MTD2020\MTD2020\MFST.cpp(120,5): warning C4002: слишком много аргументов для вызова макроса, подобного функции, "MFST_TRACE4"
C:\Users\HP\source\repos\MTD2020\MTD2020\MFST.cpp(127,4): warning C4002: слишком много аргументов для вызова макроса, подобного функции, "MFST_TRACE4"
C:\Users\HP\source\repos\MTD2020\MTD2020\MFST.cpp(141,3): warning C4002: слишком много аргументов для вызова макроса, подобного функции, "MFST_TRACE6"
C:\Users\HP\source\repos\MTD2020\MTD2020\MFST.cpp(156,4): warning C4002: слишком много аргументов для вызова макроса, подобного функции, "MFST_TRACE5"
C:\Users\HP\source\repos\MTD2020\MTD2020\MFST.cpp(186,4): warning C4002: слишком много аргументов для вызова макроса, подобного функции, "MFST_TRACE4"
C:\Users\HP\source\repos\MTD2020\MTD2020\MFST.cpp(193,4): warning C4002: слишком много аргументов для вызова макроса, подобного функции, "MFST_TRACE4"
C:\Users\HP\source\repos\MTD2020\MTD2020\MFST.cpp(196,4): warning C4002: слишком много аргументов для вызова макроса, подобного функции, "MFST_TRACE4"
C:\Users\HP\source\repos\MTD2020\MTD2020\MFST.cpp(199,4): warning C4002: слишком много аргументов для вызова макроса, подобного функции, "MFST_TRACE4"
C:\Users\HP\source\repos\MTD2020\MTD2020\MFST.cpp(205,4): warning C4002: слишком много аргументов для вызова макроса, подобного функции, "MFST_TRACE4"
C:\Users\HP\source\repos\MTD2020\MTD2020\MFST.cpp(258,68): warning C4267: =: преобразование из "size_t" в "short"; возможна потеря данных
  MTD2020.cpp
  Parametr.cpp
  Polish.cpp
C:\Users\HP\source\repos\MTD2020\MTD2020\Polish.cpp(10,24): warning C4018: <: несоответствие типов со знаком и без знака
  Semantic.cpp
C:\Users\HP\source\repos\MTD2020\MTD2020\Semantic.cpp(22,23): warning C4018: <: несоответствие типов со знаком и без знака
C:\Users\HP\source\repos\MTD2020\MTD2020\Semantic.cpp(163,10): warning C4101: buf: неиспользованная локальная переменная
  Создание кода...
  MTD2020.vcxproj -> C:\Users\HP\source\repos\MTD2020\Debug\MTD2020.exe
